***Starting server on port 60312 ***
Loading net-file from 'lust.net.xml' ... done (4399ms).
Loading additional-files from 'vtypes.add.xml' ... done (20ms).
Loading additional-files from 'busstops.add.xml' ... done (45ms).
Loading additional-files from 'e1detectors.add.xml' ... done (194ms).
Loading additional-files from 'lust.poly.xml' ... done (1702ms).
Loading additional-files from 'tll.static.xml' ... done (71ms).
Loading done.
Simulation version 1.8.0 started with time: 0.00
Warning: Vehicle '0BEtoLU.2' performs emergency braking with decel=-9.00 wished=4.50 severity=1.00, time=462.00.
Warning: Vehicle '0BEtoLU.3' performs emergency braking with decel=-9.00 wished=4.50 severity=1.00, time=565.00.
Warning: Vehicle '0BEtoLU.9' performs emergency braking with decel=-9.00 wished=4.50 severity=1.00, time=1205.00.
Warning: Vehicle '0BEtoLU.16' performs emergency braking with decel=-9.00 wished=4.50 severity=1.00, time=1954.00.
Warning: Vehicle '0BEtoLU.17' performs emergency braking with decel=-9.00 wished=4.50 severity=1.00, time=2050.00.
Warning: Vehicle 'randUni16436:1' performs emergency braking with decel=-9.00 wished=4.50 severity=1.00, time=2452.00.
Warning: Vehicle 'randUni7088:1' performs emergency braking with decel=-9.00 wished=4.50 severity=1.00, time=3252.00.
Warning: Vehicle 'randUni5326:1' performs emergency braking with decel=-9.00 wished=4.50 severity=1.00, time=3762.00.
Warning: Vehicle '1BEtoLU.13' performs emergency braking with decel=-9.00 wished=4.50 severity=1.00, time=4132.00.
Warning: Vehicle '1BEtoLU.14' performs emergency braking with decel=-9.00 wished=4.50 severity=1.00, time=4178.00.
Warning: Vehicle 'randUni20768:1' performs emergency braking with decel=-9.00 wished=4.50 severity=1.00, time=4223.00.
Warning: Vehicle 'randUni8011:1' performs emergency braking with decel=-9.00 wished=4.50 severity=1.00, time=4344.00.
Warning: Vehicle '1BEtoLU.19' performs emergency braking with decel=-9.00 wished=4.50 severity=1.00, time=4370.00.
Warning: Vehicle '1BEtoLU.21' performs emergency braking with decel=-9.00 wished=4.50 severity=1.00, time=4461.00.
Warning: Vehicle 'randUni6552:1' performs emergency braking with decel=-9.00 wished=4.50 severity=1.00, time=5039.00.
Warning: Vehicle 'randUni17471:1' performs emergency braking with decel=-9.00 wished=4.50 severity=1.00, time=5458.00.
Warning: Vehicle 'randUni19047:1' performs emergency braking with decel=-9.00 wished=4.50 severity=1.00, time=6300.00.
Warning: Vehicle '1BEtoLU.72' performs emergency braking with decel=-9.00 wished=4.50 severity=1.00, time=6971.00.
Warning: Vehicle 'randUni171:1' performs emergency braking with decel=-9.00 wished=4.50 severity=1.00, time=7756.00.
Warning: Vehicle 'randUni20296:1' performs emergency braking with decel=-9.00 wished=4.50 severity=1.00, time=7779.00.
Warning: Vehicle '2BEtoLU.19' performs emergency braking with decel=-9.00 wished=4.50 severity=1.00, time=7918.00.
Warning: Vehicle '2BEtoLU.22' performs emergency braking with decel=-9.00 wished=4.50 severity=1.00, time=7992.00.
Warning: Vehicle '2BEtoLU.23' performs emergency braking with decel=-9.00 wished=4.50 severity=1.00, time=8110.00.
Warning: Vehicle 'randUni13156:1' performs emergency braking with decel=-9.00 wished=4.50 severity=1.00, time=8258.00.
Warning: Vehicle 'randUni11684:1' performs emergency braking with decel=-9.00 wished=4.50 severity=1.00, time=8284.00.
Warning: Vehicle '2BEtoLU.51' performs emergency braking with decel=-9.00 wished=4.50 severity=1.00, time=8866.00.
Warning: Vehicle '2BEtoLU.55' performs emergency braking with decel=-9.00 wished=4.50 severity=1.00, time=9008.00.
Warning: Vehicle 'randUni19028:1' performs emergency braking with decel=-9.00 wished=4.50 severity=1.00, time=9026.00.
Warning: Vehicle '2BEtoLU.83' performs emergency braking with decel=-9.00 wished=4.50 severity=1.00, time=9749.00.
Warning: Vehicle 'randUni4256:1' performs emergency braking with decel=-9.00 wished=4.50 severity=1.00, time=9996.00.
Warning: Vehicle 'randUni18066:1' performs emergency braking with decel=-9.00 wished=4.50 severity=1.00, time=10129.00.
Warning: Vehicle '2BEtoLU.100' performs emergency braking with decel=-9.00 wished=4.50 severity=1.00, time=10324.00.
Warning: Vehicle '2BEtoLU.102' performs emergency braking with decel=-9.00 wished=4.50 severity=1.00, time=10377.00.
Warning: Vehicle '2BEtoLU.110' performs emergency braking with decel=-9.00 wished=4.50 severity=1.00, time=10562.00.
Warning: Vehicle '2BEtoLU.123' performs emergency braking with decel=-9.00 wished=4.50 severity=1.00, time=10893.00.
Warning: Vehicle 'randUni1717:1' performs emergency braking with decel=-9.00 wished=4.50 severity=1.00, time=11278.00.
Warning: Vehicle '3BEtoLU.13' performs emergency braking with decel=-9.00 wished=4.50 severity=1.00, time=11329.00.
Warning: Vehicle '3BEtoLU.15' performs emergency braking with decel=-9.00 wished=4.50 severity=1.00, time=11366.00.
Warning: Vehicle '3BEtoLU.16' performs emergency braking with decel=-9.00 wished=4.50 severity=1.00, time=11379.00.
Warning: Vehicle '3BEtoLU.18' performs emergency braking with decel=-9.00 wished=4.50 severity=1.00, time=11441.00.
Warning: Vehicle '3BEtoLU.21' performs emergency braking with decel=-9.00 wished=4.50 severity=1.00, time=11493.00.
Warning: Vehicle '3BEtoLU.30' performs emergency braking with decel=-9.00 wished=4.50 severity=1.00, time=11630.00.
Warning: Vehicle '3BEtoLU.58' performs emergency braking with decel=-9.00 wished=4.50 severity=1.00, time=12126.00.
Warning: Vehicle 'randUni3614:1' performs emergency braking with decel=-9.00 wished=4.50 severity=1.00, time=12890.00.
Warning: Vehicle 'randUni14421:1' performs emergency braking with decel=-9.00 wished=4.50 severity=1.00, time=12948.00.
Warning: Vehicle 'randUni9363:1' performs emergency braking with decel=-9.00 wished=4.50 severity=1.00, time=12975.00.
Warning: Vehicle 'randUni4617:1' performs emergency braking with decel=-9.00 wished=4.50 severity=1.00, time=13446.00.
Warning: Vehicle '3BEtoLU.115' performs emergency braking with decel=-9.00 wished=4.50 severity=1.00, time=13601.00.
Warning: Vehicle '3BEtoLU.116' performs emergency braking with decel=-9.00 wished=4.50 severity=1.00, time=13648.00.
Warning: Vehicle 'carIn3108:1' performs emergency braking with decel=-9.00 wished=4.50 severity=1.00, time=13849.00.
Warning: Vehicle '3FRtoBE.132' performs emergency braking with decel=-9.00 wished=4.50 severity=1.00, time=13860.00.
Warning: Vehicle '3BEtoLU.124' performs emergency braking with decel=-9.00 wished=4.50 severity=1.00, time=13885.00.
Warning: Vehicle '3BEtoLU.133' performs emergency braking with decel=-9.00 wished=4.50 severity=1.00, time=14099.00.
Warning: Vehicle 'randUni16452:1' performs emergency braking with decel=-9.00 wished=4.50 severity=1.00, time=14364.00.
Warning: Vehicle '3BEtoLU.156' performs emergency braking with decel=-9.00 wished=4.50 severity=1.00, time=14433.00.
Warning: Vehicle 'randUni5270:1' performs emergency braking with decel=-9.00 wished=4.50 severity=1.00, time=14530.00.
Warning: Vehicle '4BEtoLU.0' performs emergency braking with decel=-9.00 wished=4.50 severity=1.00, time=14588.00.
Warning: Vehicle 'h23502c1:1' performs emergency braking with decel=-9.00 wished=4.50 severity=1.00, time=14658.00.
Warning: Vehicle '4BEtoLU.7' performs emergency braking with decel=-9.00 wished=4.50 severity=1.00, time=14894.00.
Warning: Vehicle '4BEtoLU.12' performs emergency braking with decel=-9.00 wished=4.50 severity=1.00, time=14967.00.
Warning: Vehicle '4BEtoLU.36' performs emergency braking with decel=-9.00 wished=4.50 severity=1.00, time=15347.00.
Warning: Vehicle 'h35413c1:1' performs emergency braking with decel=-9.00 wished=4.50 severity=1.00, time=15405.00.
Warning: Vehicle '4BEtoLU.50' performs emergency braking with decel=-9.00 wished=4.50 severity=1.00, time=15626.00.
Warning: Vehicle 'h65254c1:1' performs emergency braking with decel=-9.00 wished=4.50 severity=1.00, time=15636.00.
Warning: Vehicle '4BEtoLU.51' performs emergency braking with decel=-9.00 wished=4.50 severity=1.00, time=15675.00.
Warning: Vehicle '4BEtoLU.61' performs emergency braking with decel=-9.00 wished=4.50 severity=1.00, time=15933.00.
Warning: Vehicle '4BEtoLU.62' performs emergency braking with decel=-9.00 wished=4.50 severity=1.00, time=15963.00.
Warning: Vehicle '4BEtoLU.63' performs emergency braking with decel=-9.00 wished=4.50 severity=1.00, time=15977.00.
Warning: Vehicle '4BEtoLU.71' performs emergency braking with decel=-9.00 wished=4.50 severity=1.00, time=16129.00.
Warning: Vehicle 'carIn13670:1' performs emergency braking with decel=-9.00 wished=4.50 severity=1.00, time=16329.00.
Warning: Vehicle '4BEtoLU.89' performs emergency braking with decel=-9.00 wished=4.50 severity=1.00, time=16474.00.
Warning: Vehicle '4BEtoFR.131' performs emergency braking with decel=-9.00 wished=4.50 severity=1.00, time=16579.00.
Warning: Vehicle 'carIn28313:1' performs emergency braking with decel=-9.00 wished=4.50 severity=1.00, time=16605.00.
Warning: Vehicle 'carIn32090:1' performs emergency braking with decel=-9.00 wished=4.50 severity=1.00, time=16615.00.
Warning: Vehicle 'carIn16631:1' performs emergency braking with decel=-9.00 wished=4.50 severity=1.00, time=16705.00.
Warning: Vehicle '4FRtoLU.131' performs emergency braking with decel=-9.00 wished=4.50 severity=1.00, time=16781.00.
Warning: Vehicle 'randUni12293:1' performs emergency braking with decel=-9.00 wished=4.50 severity=1.00, time=16833.00.
Warning: Vehicle '4BEtoLU.107' performs emergency braking with decel=-9.00 wished=4.50 severity=1.00, time=16861.00.
Warning: Vehicle '4FRtoDE.127' performs emergency braking with decel=-9.00 wished=4.50 severity=1.00, time=17069.00.
Warning: Vehicle '4BEtoLU.118' performs emergency braking with decel=-9.00 wished=4.50 severity=1.00, time=17083.00.
Warning: Vehicle 'carIn49373:1' performs emergency braking with decel=-9.00 wished=4.50 severity=1.00, time=17236.00.
Warning: Vehicle 'h52903c1:1' performs emergency braking with decel=-9.00 wished=4.50 severity=1.00, time=17255.00.
Warning: Vehicle 'carIn33541:1' performs emergency braking with decel=-9.00 wished=4.50 severity=1.00, time=17327.00.
Warning: Vehicle '4BEtoLU.137' performs emergency braking with decel=-9.00 wished=4.50 severity=1.00, time=17417.00.
Warning: Vehicle 'carIn48767:1' performs emergency braking with decel=-9.00 wished=4.50 severity=1.00, time=17429.00.
Warning: Vehicle '4BEtoLU.138' performs emergency braking with decel=-9.00 wished=4.50 severity=1.00, time=17451.00.
Warning: Vehicle '4BEtoLU.139' performs emergency braking with decel=-9.00 wished=4.50 severity=1.00, time=17472.00.
Warning: Vehicle '4FRtoDE.152' performs emergency braking with decel=-9.00 wished=4.50 severity=1.00, time=17492.00.
Warning: Vehicle 'carIn38598:1' performs emergency braking with decel=-9.00 wished=4.50 severity=1.00, time=17493.00.
Warning: Vehicle '4BEtoLU.149' performs emergency braking with decel=-9.00 wished=4.50 severity=1.00, time=17594.00.
Warning: Vehicle 'randUni10266:1' performs emergency braking with decel=-9.00 wished=4.50 severity=1.00, time=17769.00.
Warning: Vehicle '4BEtoLU.157' performs emergency braking with decel=-9.00 wished=4.50 severity=1.00, time=17779.00.
Warning: Vehicle '4FRtoDE.175' performs emergency braking with decel=-9.00 wished=4.50 severity=1.00, time=17801.00.
Warning: Vehicle 'randUni8315:1' performs emergency braking with decel=-9.00 wished=4.50 severity=1.00, time=17816.00.
Warning: Vehicle 'randUni13864:1' performs emergency braking with decel=-9.00 wished=4.50 severity=1.00, time=17873.00.
Warning: Vehicle 'carIn37328:1' performs emergency braking with decel=-9.00 wished=4.50 severity=1.00, time=18080.00.
Warning: Vehicle 'carIn13442:1' performs emergency braking with decel=-9.00 wished=4.50 severity=1.00, time=18210.00.
Warning: Vehicle '5BEtoLU.6' performs emergency braking with decel=-9.00 wished=4.50 severity=1.00, time=18291.00.
Warning: Vehicle '5BEtoLU.8' performs emergency braking with decel=-9.00 wished=4.50 severity=1.00, time=18358.00.
Warning: Vehicle '5BEtoLU.10' performs emergency braking with decel=-9.00 wished=4.50 severity=1.00, time=18370.00.
Warning: Vehicle 'h58867c1:1' performs emergency braking with decel=-9.00 wished=4.50 severity=1.00, time=18479.00.
Warning: Vehicle '5BEtoLU.19' performs emergency braking with decel=-9.00 wished=4.50 severity=1.00, time=18486.00.
Warning: Vehicle '5BEtoLU.22' performs emergency braking with decel=-9.00 wished=4.50 severity=1.00, time=18585.00.
Warning: Vehicle '5BEtoLU.24' performs emergency braking with decel=-9.00 wished=4.50 severity=1.00, time=18594.00.
Warning: Vehicle 'carIn6576:1' performs emergency braking with decel=-9.00 wished=4.50 severity=1.00, time=18627.00.
Warning: Vehicle '5BEtoLU.37' performs emergency braking with decel=-9.00 wished=4.50 severity=1.00, time=18683.00.
Warning: Vehicle 'carIn15188:1' performs emergency braking with decel=-9.00 wished=4.50 severity=1.00, time=18704.00.
Warning: Vehicle 'carIn48264:1' performs emergency braking with decel=-9.00 wished=4.50 severity=1.00, time=18728.00.
Warning: Vehicle '5FRtoDE.38' performs emergency braking with decel=-9.00 wished=4.50 severity=1.00, time=18780.00.
Warning: Vehicle 'h25396c1:1' performs emergency braking with decel=-9.00 wished=4.50 severity=1.00, time=18920.00.
Warning: Vehicle 'carIn25302:1' performs emergency braking with decel=-9.00 wished=4.50 severity=1.00, time=18929.00.
Warning: Vehicle 'h19265c1:1' performs emergency braking with decel=-9.00 wished=4.50 severity=1.00, time=18933.00.
Warning: Vehicle 'carIn39184:1' performs emergency braking with decel=-9.00 wished=4.50 severity=1.00, time=19076.00.
Warning: Vehicle 'h54072c1:1' performs emergency braking with decel=-9.00 wished=4.50 severity=1.00, time=19098.00.
Warning: Vehicle '5FRtoLU.61' performs emergency braking with decel=-9.00 wished=4.50 severity=1.00, time=19109.00.
Warning: Vehicle 'carIn32819:1' performs emergency braking with decel=-9.00 wished=4.50 severity=1.00, time=19141.00.
Warning: Vehicle '5BEtoLU.61' performs emergency braking with decel=-9.00 wished=4.50 severity=1.00, time=19160.00.
Warning: Vehicle 'h46299c1:1' performs emergency braking with decel=-9.00 wished=4.50 severity=1.00, time=19263.00.
Warning: Vehicle 'randUni3066:1' performs emergency braking with decel=-9.00 wished=4.50 severity=1.00, time=19277.00.
Warning: Vehicle 'carIn26718:1' performs emergency braking with decel=-9.00 wished=4.50 severity=1.00, time=19316.00.
Warning: Vehicle 'carIn11201:1' performs emergency braking with decel=-9.00 wished=4.50 severity=1.00, time=19329.00.
Warning: Vehicle 'carIn19537:1' performs emergency braking with decel=-9.00 wished=4.50 severity=1.00, time=19372.00.
Warning: Vehicle '5FRtoDE.74' performs emergency braking with decel=-9.00 wished=4.50 severity=1.00, time=19396.00.
Warning: Vehicle 'carIn33984:1' performs emergency braking with decel=-9.00 wished=4.50 severity=1.00, time=19401.00.
Warning: Vehicle 'h48377c1:1' performs emergency braking with decel=-9.00 wished=4.50 severity=1.00, time=19503.00.
Warning: Vehicle 'carIn6341:1' performs emergency braking with decel=-9.00 wished=4.50 severity=1.00, time=19525.00.
Warning: Vehicle 'h4301c1:1' performs emergency braking with decel=-9.00 wished=4.50 severity=1.00, time=19568.00.
Warning: Vehicle 'carIn27296:1' performs emergency braking with decel=-9.00 wished=4.50 severity=1.00, time=19600.00.
Warning: Vehicle '5BEtoLU.95' performs emergency braking with decel=-9.00 wished=4.50 severity=1.00, time=19603.00.
Warning: Vehicle '5FRtoBE.79' performs emergency braking with decel=-9.00 wished=4.50 severity=1.00, time=19607.00.
Warning: Vehicle '5BEtoLU.97' performs emergency braking with decel=-9.00 wished=4.50 severity=1.00, time=19623.00.
Warning: Vehicle 'carIn32550:1' performs emergency braking with decel=-9.00 wished=4.50 severity=1.00, time=19686.00.
Warning: Vehicle 'carIn28422:1' performs emergency braking with decel=-9.00 wished=4.50 severity=1.00, time=19795.00.
Warning: Vehicle 'carIn32858:1' performs emergency braking with decel=-9.00 wished=4.50 severity=1.00, time=19802.00.
Warning: Vehicle '5BEtoLU.113' performs emergency braking with decel=-9.00 wished=4.50 severity=1.00, time=19864.00.
Warning: Vehicle 'h56427c1:1' performs emergency braking with decel=-9.00 wished=4.50 severity=1.00, time=19898.00.
Warning: Vehicle '5FRtoBE.95' performs emergency braking with decel=-9.00 wished=4.50 severity=1.00, time=19972.00.
Warning: Vehicle 'carIn8422:1' performs emergency braking with decel=-9.00 wished=4.50 severity=1.00, time=20029.00.
Warning: Vehicle '5FRtoDE.109' performs emergency braking with decel=-9.00 wished=4.50 severity=1.00, time=20040.00.
Warning: Vehicle 'carIn41414:1' performs emergency braking with decel=-9.00 wished=4.50 severity=1.00, time=20046.00.
Warning: Vehicle '5BEtoFR.104' performs emergency braking with decel=-9.00 wished=4.50 severity=1.00, time=20074.00.
Warning: Vehicle 'carIn26682:1' performs emergency braking with decel=-9.00 wished=4.50 severity=1.00, time=20074.00.
Warning: Vehicle '5FRtoLU.129' performs emergency braking with decel=-9.00 wished=4.50 severity=1.00, time=20146.00.
Warning: Vehicle '5FRtoBE.107' performs emergency braking with decel=-9.00 wished=4.50 severity=1.00, time=20168.00.
Warning: Vehicle 'carIn37399:1' performs emergency braking with decel=-9.00 wished=4.50 severity=1.00, time=20185.00.
Warning: Vehicle 'carIn32585:1' performs emergency braking with decel=-9.00 wished=4.50 severity=1.00, time=20220.00.
Warning: Vehicle '5FRtoLU.138' performs emergency braking with decel=-9.00 wished=4.50 severity=1.00, time=20264.00.
Warning: Vehicle 'h60837c1:1' performs emergency braking with decel=-9.00 wished=4.50 severity=1.00, time=20267.00.
Warning: Vehicle '5BEtoLU.128' performs emergency braking with decel=-9.00 wished=4.50 severity=1.00, time=20300.00.
Warning: Vehicle 'carIn35430:1' performs emergency braking with decel=-9.00 wished=4.50 severity=1.00, time=20309.00.
Warning: Vehicle '5BEtoLU.129' performs emergency braking with decel=-9.00 wished=4.50 severity=1.00, time=20324.00.
Warning: Vehicle '5BEtoLU.131' performs emergency braking with decel=-9.00 wished=4.50 severity=1.00, time=20345.00.
Warning: Vehicle 'h8122c1:1' performs emergency braking with decel=-9.00 wished=4.50 severity=1.00, time=20351.00.
Warning: Vehicle '5FRtoBE.118' performs emergency braking with decel=-9.00 wished=4.50 severity=1.00, time=20361.00.
Warning: Vehicle 'carIn7065:1' performs emergency braking with decel=-9.00 wished=4.50 severity=1.00, time=20412.00.
Warning: Vehicle 'h3009c1:1' performs emergency braking with decel=-9.00 wished=4.50 severity=1.00, time=20458.00.
Warning: Vehicle 'h57721c1:1' performs emergency braking with decel=-9.00 wished=4.50 severity=1.00, time=20461.00.
Warning: Vehicle 'carIn9383:1' performs emergency braking with decel=-9.00 wished=4.50 severity=1.00, time=20463.00.
Warning: Vehicle 'carIn39565:1' performs emergency braking with decel=-9.00 wished=4.50 severity=1.00, time=20473.00.
Warning: Vehicle 'h33199c2:1' performs emergency braking with decel=-9.00 wished=4.50 severity=1.00, time=20505.00.
Warning: Vehicle '5DEtoFR.123' performs emergency braking with decel=-9.00 wished=4.50 severity=1.00, time=20556.00.
Warning: Vehicle 'carIn24304:1' performs emergency braking with decel=-9.00 wished=4.50 severity=1.00, time=20610.00.
Warning: Vehicle 'randUni20769:1' performs emergency braking with decel=-9.00 wished=4.50 severity=1.00, time=20652.00.
Warning: Vehicle 'h45074c1:1' performs emergency braking with decel=-9.00 wished=4.50 severity=1.00, time=20699.00.
Warning: Vehicle 'carIn45759:1' performs emergency braking with decel=-9.00 wished=4.50 severity=1.00, time=20718.00.
Warning: Vehicle 'carIn35048:1' performs emergency braking with decel=-9.00 wished=4.50 severity=1.00, time=20782.00.
Warning: Vehicle 'h20310c1:1' performs emergency braking with decel=-9.00 wished=4.50 severity=1.00, time=20853.00.
Warning: Vehicle 'randUni10334:1' performs emergency braking with decel=-9.00 wished=4.50 severity=1.00, time=20860.00.
Warning: Vehicle '5BEtoLU.161' performs emergency braking with decel=-9.00 wished=4.50 severity=1.00, time=20861.00.
Warning: Vehicle 'randUni9522:1' performs emergency braking with decel=-9.00 wished=4.50 severity=1.00, time=20908.00.
Warning: Vehicle 'h68847c1:1' performs emergency braking with decel=-9.00 wished=4.50 severity=1.00, time=20911.00.
Warning: Vehicle 'carIn13008:1' performs emergency braking with decel=-9.00 wished=4.50 severity=1.00, time=20939.00.
Warning: Vehicle 'carIn6498:1' performs emergency braking with decel=-9.00 wished=4.50 severity=1.00, time=20946.00.
Warning: Vehicle 'h9551c1:1' performs emergency braking with decel=-9.00 wished=4.50 severity=1.00, time=20962.00.
Warning: Vehicle 'carIn28399:1' performs emergency braking with decel=-9.00 wished=4.50 severity=1.00, time=20982.00.
Warning: Vehicle 'carIn10791:1' performs emergency braking with decel=-9.00 wished=4.50 severity=1.00, time=21038.00.
Warning: Vehicle '5FRtoDE.177' performs emergency braking with decel=-9.00 wished=4.50 severity=1.00, time=21076.00.
Warning: Vehicle 'carIn44522:1' performs emergency braking with decel=-9.00 wished=4.50 severity=1.00, time=21077.00.
Warning: Vehicle 'carIn36029:1' performs emergency braking with decel=-9.00 wished=4.50 severity=1.00, time=21088.00.
Warning: Vehicle 'carIn49568:1' performs emergency braking with decel=-9.00 wished=4.50 severity=1.00, time=21096.00.
Warning: Vehicle 'h19187c1:1' performs emergency braking with decel=-9.00 wished=4.50 severity=1.00, time=21118.00.
Warning: Vehicle '5BEtoLU.177' performs emergency braking with decel=-9.00 wished=4.50 severity=1.00, time=21136.00.
Warning: Vehicle 'carIn34236:1' performs emergency braking with decel=-9.00 wished=4.50 severity=1.00, time=21156.00.
Warning: Vehicle 'h3674c2:1' performs emergency braking with decel=-9.00 wished=4.50 severity=1.00, time=21237.00.
Warning: Vehicle 'h48920c1:1' performs emergency braking with decel=-9.00 wished=4.50 severity=1.00, time=21260.00.
Warning: Vehicle 'carIn38715:1' performs emergency braking with decel=-9.00 wished=4.50 severity=1.00, time=21294.00.
Warning: Vehicle 'carIn15896:1' performs emergency braking with decel=-9.00 wished=4.50 severity=1.00, time=21300.00.
Warning: Vehicle 'carIn22988:1' performs emergency braking with decel=-9.00 wished=4.50 severity=1.00, time=21309.00.
Warning: Vehicle 'h48515c2:1' performs emergency braking with decel=-9.00 wished=4.50 severity=1.00, time=21325.00.
Warning: Vehicle 'carIn14979:1' performs emergency braking with decel=-9.00 wished=4.50 severity=1.00, time=21330.00.
Warning: Vehicle 'h49483c1:1' performs emergency braking with decel=-9.00 wished=4.50 severity=1.00, time=21382.00.
Warning: Vehicle 'carIn31168:1' performs emergency braking with decel=-9.00 wished=4.50 severity=1.00, time=21425.00.
Warning: Vehicle 'carIn49309:1' performs emergency braking with decel=-9.00 wished=4.50 severity=1.00, time=21432.00.
Warning: Vehicle 'carIn11997:1' performs emergency braking with decel=-9.00 wished=4.50 severity=1.00, time=21453.00.
Warning: Vehicle 'carIn26685:1' performs emergency braking with decel=-9.00 wished=4.50 severity=1.00, time=21480.00.
Warning: Vehicle 'carIn29778:1' performs emergency braking with decel=-9.00 wished=4.50 severity=1.00, time=21493.00.
Warning: Vehicle 'h62589c1:1' performs emergency braking with decel=-9.00 wished=4.50 severity=1.00, time=21585.00.
Warning: Vehicle 'carIn33290:1' performs emergency braking with decel=-9.00 wished=4.50 severity=1.00, time=21600.00.
Warning: Vehicle 'h56258c1:1' performs emergency braking with decel=-9.00 wished=4.50 severity=1.00, time=21604.00.
Warning: Vehicle 'carIn34622:1' performs emergency braking with decel=-9.00 wished=4.50 severity=1.00, time=21667.00.
Warning: Vehicle '5DEtoLU.214' performs emergency braking with decel=-9.00 wished=4.50 severity=1.00, time=21675.00.
Warning: Vehicle 'carIn24774:1' performs emergency braking with decel=-9.00 wished=4.50 severity=1.00, time=21716.00.
Warning: Vehicle 'carIn36131:1' performs emergency braking with decel=-9.00 wished=4.50 severity=1.00, time=21775.00.
Warning: Vehicle 'carIn9745:1' performs emergency braking with decel=-9.00 wished=4.50 severity=1.00, time=21775.00.
Warning: Vehicle 'carIn13585:1' performs emergency braking with decel=-9.00 wished=4.50 severity=1.00, time=21799.00.
Warning: Vehicle '6FRtoLU.19' performs emergency braking with decel=-9.00 wished=4.50 severity=1.00, time=21801.00.
Warning: Vehicle 'carIn31902:1' performs emergency braking with decel=-9.00 wished=4.50 severity=1.00, time=21831.00.
Warning: Vehicle 'h9168c1:1' performs emergency braking with decel=-9.00 wished=4.50 severity=1.00, time=21836.00.
Warning: Vehicle 'carIn35440:1' performs emergency braking with decel=-9.00 wished=4.50 severity=1.00, time=21860.00.
Warning: Vehicle 'h12882c1:1' performs emergency braking with decel=-9.00 wished=4.50 severity=1.00, time=21864.00.
Warning: Vehicle 'carIn6326:1' performs emergency braking with decel=-9.00 wished=4.50 severity=1.00, time=21878.00.
Warning: Vehicle 'carIn15161:1' performs emergency braking with decel=-9.00 wished=4.50 severity=1.00, time=21889.00.
Warning: Vehicle 'carIn6723:1' performs emergency braking with decel=-9.00 wished=4.50 severity=1.00, time=21891.00.
Warning: Vehicle 'carIn47921:1' performs emergency braking with decel=-9.00 wished=4.50 severity=1.00, time=21895.00.
Warning: Vehicle '6FRtoLU.35' performs emergency braking with decel=-9.00 wished=4.50 severity=1.00, time=21902.00.
Warning: Vehicle 'carIn5722:1' performs emergency braking with decel=-9.00 wished=4.50 severity=1.00, time=21911.00.
Warning: Vehicle 'h26960c1:1' performs emergency braking with decel=-9.00 wished=4.50 severity=1.00, time=21927.00.
Warning: Vehicle 'carIn32392:1' performs emergency braking with decel=-9.00 wished=4.50 severity=1.00, time=21934.00.
Warning: Vehicle '6DEtoLU.26' performs emergency braking with decel=-9.00 wished=4.50 severity=1.00, time=21967.00.
Warning: Vehicle 'carIn44476:1' performs emergency braking with decel=-9.00 wished=4.50 severity=1.00, time=21974.00.
Warning: Vehicle 'carIn45830:1' performs emergency braking with decel=-9.00 wished=4.50 severity=1.00, time=21989.00.
Warning: Vehicle 'h40022c1:1' performs emergency braking with decel=-9.00 wished=4.50 severity=1.00, time=22027.00.
Warning: Vehicle 'carIn34083:1' performs emergency braking with decel=-9.00 wished=4.50 severity=1.00, time=22035.00.
Warning: Vehicle '6FRtoDE.37' performs emergency braking with decel=-9.00 wished=4.50 severity=1.00, time=22038.00.
Warning: Vehicle '6FRtoBE.43' performs emergency braking with decel=-9.00 wished=4.50 severity=1.00, time=22073.00.
Warning: Vehicle '6BEtoLU.28' performs emergency braking with decel=-9.00 wished=4.50 severity=1.00, time=22089.00.
Warning: Vehicle 'h57908c1:1' performs emergency braking with decel=-9.00 wished=4.50 severity=1.00, time=22092.00.
Warning: Vehicle 'carIn36640:1' performs emergency braking with decel=-9.00 wished=4.50 severity=1.00, time=22102.00.
Warning: Vehicle '6FRtoLU.51' performs emergency braking with decel=-9.00 wished=4.50 severity=1.00, time=22109.00.
Warning: Vehicle 'carIn15871:1' performs emergency braking with decel=-9.00 wished=4.50 severity=1.00, time=22173.00.
Warning: Vehicle 'carIn14573:1' performs emergency braking with decel=-9.00 wished=4.50 severity=1.00, time=22225.00.
Warning: Vehicle 'carIn8454:1' performs emergency braking with decel=-9.00 wished=4.50 severity=1.00, time=22235.00.
Warning: Vehicle 'carIn16679:1' performs emergency braking with decel=-9.00 wished=4.50 severity=1.00, time=22245.00.
Warning: Vehicle '6DEtoFR.32' performs emergency braking with decel=-9.00 wished=4.50 severity=1.00, time=22252.00.
Warning: Vehicle 'carIn32072:1' performs emergency braking with decel=-9.00 wished=4.50 severity=1.00, time=22254.00.
Warning: Vehicle '6DEtoFR.31' performs emergency braking with decel=-9.00 wished=4.50 severity=1.00, time=22255.00.
Warning: Vehicle '6FRtoBE.71' performs emergency braking with decel=-9.00 wished=4.50 severity=1.00, time=22275.00.
Warning: Vehicle 'carIn15343:1' performs emergency braking with decel=-9.00 wished=4.50 severity=1.00, time=22281.00.
Warning: Vehicle 'carIn2767:1' performs emergency braking with decel=-9.00 wished=4.50 severity=1.00, time=22293.00.
Warning: Vehicle '6FRtoBE.76' performs emergency braking with decel=-9.00 wished=4.50 severity=1.00, time=22300.00.
Warning: Vehicle '6BEtoLU.57' performs emergency braking with decel=-9.00 wished=4.50 severity=1.00, time=22304.00.
Warning: Vehicle 'carIn25829:1' performs emergency braking with decel=-9.00 wished=4.50 severity=1.00, time=22345.00.
Warning: Vehicle 'carIn13625:1' performs emergency braking with decel=-9.00 wished=4.50 severity=1.00, time=22360.00.
Warning: Vehicle 'carIn5157:1' performs emergency braking with decel=-9.00 wished=4.50 severity=1.00, time=22364.00.
Warning: Vehicle 'h16451c1:1' performs emergency braking with decel=-9.00 wished=4.50 severity=1.00, time=22435.00.
Warning: Vehicle 'carIn45272:1' performs emergency braking with decel=-9.00 wished=4.50 severity=1.00, time=22453.00.
Warning: Vehicle '6FRtoDE.94' performs emergency braking with decel=-9.00 wished=4.50 severity=1.00, time=22473.00.
Warning: Vehicle 'randUni10916:1' performs emergency braking with decel=-9.00 wished=4.50 severity=1.00, time=22559.00.
Warning: Vehicle 'carIn5603:1' performs emergency braking with decel=-9.00 wished=4.50 severity=1.00, time=22560.00.
Warning: Vehicle 'carIn25379:1' performs emergency braking with decel=-9.00 wished=4.50 severity=1.00, time=22569.00.
Warning: Vehicle '6FRtoBE.113' performs emergency braking with decel=-9.00 wished=4.50 severity=1.00, time=22602.00.
Warning: Vehicle '6BEtoFR.103' performs emergency braking with decel=-9.00 wished=4.50 severity=1.00, time=22632.00.
Warning: Vehicle 'h44541c1:1' performs emergency braking with decel=-9.00 wished=4.50 severity=1.00, time=22649.00.
Warning: Vehicle 'carIn30618:1' performs emergency braking with decel=-9.00 wished=4.50 severity=1.00, time=22669.00.
Warning: Vehicle '6FRtoDE.114' performs emergency braking with decel=-9.00 wished=4.50 severity=1.00, time=22681.00.
Warning: Vehicle 'h70598c1:1' performs emergency braking with decel=-9.00 wished=4.50 severity=1.00, time=22683.00.
Warning: Vehicle 'h44005c2:1' performs emergency braking with decel=-9.00 wished=4.50 severity=1.00, time=22694.00.
Warning: Vehicle '6FRtoBE.120' performs emergency braking with decel=-9.00 wished=4.50 severity=1.00, time=22705.00.
Warning: Vehicle '6FRtoDE.118' performs emergency braking with decel=-9.00 wished=4.50 severity=1.00, time=22705.00.
Warning: Vehicle 'carIn29275:1' performs emergency braking with decel=-9.00 wished=4.50 severity=1.00, time=22731.00.
Warning: Vehicle '6FRtoDE.124' performs emergency braking with decel=-9.00 wished=4.50 severity=1.00, time=22771.00.
Warning: Vehicle 'carIn45922:1' performs emergency braking with decel=-9.00 wished=4.50 severity=1.00, time=22796.00.
Warning: Vehicle 'carIn18375:1' performs emergency braking with decel=-9.00 wished=4.50 severity=1.00, time=22815.00.
Warning: Vehicle 'carIn1626:1' performs emergency braking with decel=-9.00 wished=4.50 severity=1.00, time=22856.00.
Warning: Vehicle 'randUni10921:1' performs emergency braking with decel=-9.00 wished=4.50 severity=1.00, time=22868.00.
Warning: Vehicle '6FRtoDE.136' performs emergency braking with decel=-9.00 wished=4.50 severity=1.00, time=22892.00.
Warning: Vehicle '6FRtoLU.123' performs emergency braking with decel=-9.00 wished=4.50 severity=1.00, time=22929.00.
Warning: Vehicle '6FRtoDE.137' performs emergency braking with decel=-9.00 wished=4.50 severity=1.00, time=22930.00.
Warning: Vehicle '6BEtoLU.134' performs emergency braking with decel=-9.00 wished=4.50 severity=1.00, time=22953.00.
Warning: Vehicle 'carIn48429:1' performs emergency braking with decel=-9.00 wished=4.50 severity=1.00, time=22953.00.
Warning: Vehicle 'carIn23546:1' performs emergency braking with decel=-9.00 wished=4.50 severity=1.00, time=22980.00.
Warning: Vehicle 'h3102c1:1' performs emergency braking with decel=-9.00 wished=4.50 severity=1.00, time=22984.00.
Warning: Vehicle 'carIn28336:1' performs emergency braking with decel=-9.00 wished=4.50 severity=1.00, time=23066.00.
Warning: Vehicle 'carIn41133:1' performs emergency braking with decel=-9.00 wished=4.50 severity=1.00, time=23068.00.
Warning: Vehicle 'carIn7387:1' performs emergency braking with decel=-9.00 wished=4.50 severity=1.00, time=23115.00.
Warning: Vehicle '6DEtoLU.141' performs emergency braking with decel=-9.00 wished=4.50 severity=1.00, time=23140.00.
Warning: Vehicle '6FRtoBE.177' performs emergency braking with decel=-9.00 wished=4.50 severity=1.00, time=23179.00.
Warning: Vehicle 'carIn37321:1' performs emergency braking with decel=-9.00 wished=4.50 severity=1.00, time=23185.00.
Warning: Vehicle 'carIn44898:1' performs emergency braking with decel=-9.00 wished=4.50 severity=1.00, time=23226.00.
Warning: Vehicle 'carIn14013:1' performs emergency braking with decel=-9.00 wished=4.50 severity=1.00, time=23227.00.
Warning: Vehicle 'carIn19326:1' performs emergency braking with decel=-9.00 wished=4.50 severity=1.00, time=23229.00.
Warning: Vehicle 'carIn1032:1' performs emergency braking with decel=-9.00 wished=4.50 severity=1.00, time=23236.00.
Warning: Vehicle '6BEtoLU.163' performs emergency braking with decel=-9.00 wished=4.50 severity=1.00, time=23268.00.
Warning: Vehicle 'h37695c1:1' performs emergency braking with decel=-9.00 wished=4.50 severity=1.00, time=23295.00.
Warning: Vehicle 'carIn16590:1' performs emergency braking with decel=-9.00 wished=4.50 severity=1.00, time=23304.00.
Warning: Vehicle 'carIn3538:1' performs emergency braking with decel=-9.00 wished=4.50 severity=1.00, time=23316.00.
Warning: Vehicle '6BEtoLU.171' performs emergency braking with decel=-9.00 wished=4.50 severity=1.00, time=23318.00.
Warning: Vehicle 'h16548c2:1' performs emergency braking with decel=-9.00 wished=4.50 severity=1.00, time=23321.00.
Warning: Vehicle 'h28706c1:1' performs emergency braking with decel=-9.00 wished=4.50 severity=1.00, time=23336.00.
Warning: Vehicle 'h38114c1:1' performs emergency braking with decel=-9.00 wished=4.50 severity=1.00, time=23389.00.
Warning: Vehicle '6BEtoLU.178' performs emergency braking with decel=-9.00 wished=4.50 severity=1.00, time=23409.00.
Warning: Vehicle 'carIn25373:1' performs emergency braking with decel=-9.00 wished=4.50 severity=1.00, time=23417.00.
Warning: Vehicle 'carIn8258:1' performs emergency braking with decel=-9.00 wished=4.50 severity=1.00, time=23423.00.
Warning: Vehicle '6BEtoLU.179' performs emergency braking with decel=-9.00 wished=4.50 severity=1.00, time=23435.00.
Warning: Vehicle '6BEtoLU.180' performs emergency braking with decel=-9.00 wished=4.50 severity=1.00, time=23436.00.
Warning: Vehicle 'carIn36423:1' performs emergency braking with decel=-9.00 wished=4.50 severity=1.00, time=23445.00.
Warning: Vehicle 'carIn40675:1' performs emergency braking with decel=-9.00 wished=4.50 severity=1.00, time=23459.00.
Warning: Vehicle 'carIn16806:1' performs emergency braking with decel=-9.00 wished=4.50 severity=1.00, time=23475.00.
Warning: Vehicle 'h44793c1:1' performs emergency braking with decel=-9.00 wished=4.50 severity=1.00, time=23497.00.
Warning: Vehicle 'h18245c1:1' performs emergency braking with decel=-9.00 wished=4.50 severity=1.00, time=23498.00.
Warning: Vehicle 'h66157c1:1' performs emergency braking with decel=-9.00 wished=4.50 severity=1.00, time=23524.00.
Warning: Vehicle 'carIn1658:1' performs emergency braking with decel=-9.00 wished=4.50 severity=1.00, time=23542.00.
Warning: Vehicle 'h6029c1:1' performs emergency braking with decel=-9.00 wished=4.50 severity=1.00, time=23544.00.
Warning: Vehicle 'carIn23828:1' performs emergency braking with decel=-9.00 wished=4.50 severity=1.00, time=23546.00.
Warning: Vehicle 'carIn22148:1' performs emergency braking with decel=-9.00 wished=4.50 severity=1.00, time=23566.00.
Warning: Vehicle '6FRtoBE.218' performs emergency braking with decel=-9.00 wished=4.50 severity=1.00, time=23566.00.
Warning: Vehicle 'carIn16426:1' performs emergency braking with decel=-9.00 wished=4.50 severity=1.00, time=23568.00.
Warning: Vehicle 'carIn16370:1' performs emergency braking with decel=-9.00 wished=4.50 severity=1.00, time=23596.00.
Warning: Vehicle 'h64419c1:1' performs emergency braking with decel=-9.00 wished=4.50 severity=1.00, time=23607.00.
Warning: Vehicle 'h10076c1:1' performs emergency braking with decel=-9.00 wished=4.50 severity=1.00, time=23611.00.
Warning: Vehicle 'h7899c1:1' performs emergency braking with decel=-9.00 wished=4.50 severity=1.00, time=23619.00.
Warning: Vehicle 'h38116c1:1' performs emergency braking with decel=-9.00 wished=4.50 severity=1.00, time=23635.00.
Warning: Vehicle 'carIn22687:1' performs emergency braking with decel=-9.00 wished=4.50 severity=1.00, time=23654.00.
Warning: Vehicle 'h73123c1:1' performs emergency braking with decel=-9.00 wished=4.50 severity=1.00, time=23665.00.
Warning: Vehicle 'carIn34501:1' performs emergency braking with decel=-9.00 wished=4.50 severity=1.00, time=23706.00.
Warning: Vehicle 'h74759c1:1' performs emergency braking with decel=-9.00 wished=4.50 severity=1.00, time=23718.00.
Warning: Vehicle '6FRtoBE.231' performs emergency braking with decel=-9.00 wished=4.50 severity=1.00, time=23727.00.
Warning: Vehicle 'carIn2250:1' performs emergency braking with decel=-9.00 wished=4.50 severity=1.00, time=23742.00.
Warning: Vehicle 'carIn35668:1' performs emergency braking with decel=-9.00 wished=4.50 severity=1.00, time=23744.00.
Warning: Vehicle 'carIn8270:1' performs emergency braking with decel=-9.00 wished=4.50 severity=1.00, time=23751.00.
Warning: Vehicle 'carIn11545:1' performs emergency braking with decel=-9.00 wished=4.50 severity=1.00, time=23753.00.
Warning: Vehicle 'carIn32950:1' performs emergency braking with decel=-9.00 wished=4.50 severity=1.00, time=23766.00.
Warning: Vehicle 'h5216c1:1' performs emergency braking with decel=-9.00 wished=4.50 severity=1.00, time=23784.00.
Warning: Vehicle 'carIn26943:1' performs emergency braking with decel=-9.00 wished=4.50 severity=1.00, time=23808.00.
Warning: Vehicle 'carIn13532:1' performs emergency braking with decel=-9.00 wished=4.50 severity=1.00, time=23830.00.
Warning: Vehicle '6FRtoLU.229' performs emergency braking with decel=-9.00 wished=4.50 severity=1.00, time=23860.00.
Warning: Vehicle 'carIn36621:1' performs emergency braking with decel=-9.00 wished=4.50 severity=1.00, time=23873.00.
Warning: Vehicle 'carIn31691:1' performs emergency braking with decel=-9.00 wished=4.50 severity=1.00, time=23921.00.
Warning: Vehicle 'carIn19154:1' performs emergency braking with decel=-9.00 wished=4.50 severity=1.00, time=23929.00.
Warning: Vehicle '6BEtoLU.235' performs emergency braking with decel=-9.00 wished=4.50 severity=1.00, time=23929.00.
Warning: Vehicle 'carIn11089:1' performs emergency braking with decel=-9.00 wished=4.50 severity=1.00, time=23929.00.
Warning: Vehicle 'carIn5526:1' performs emergency braking with decel=-9.00 wished=4.50 severity=1.00, time=23931.00.
Warning: Vehicle 'carIn39485:1' performs emergency braking with decel=-9.00 wished=4.50 severity=1.00, time=23946.00.
Warning: Vehicle 'carIn28447:1' performs emergency braking with decel=-9.00 wished=4.50 severity=1.00, time=23953.00.
Warning: Vehicle 'carIn43629:1' performs emergency braking with decel=-9.00 wished=4.50 severity=1.00, time=23960.00.
Warning: Vehicle 'carIn18360:1' performs emergency braking with decel=-9.00 wished=4.50 severity=1.00, time=23976.00.
Warning: Vehicle 'h30555c1:1' performs emergency braking with decel=-9.00 wished=4.50 severity=1.00, time=24006.00.
Warning: Vehicle 'carIn16083:1' performs emergency braking with decel=-9.00 wished=4.50 severity=1.00, time=24020.00.
Warning: Vehicle 'carIn27500:1' performs emergency braking with decel=-9.00 wished=4.50 severity=1.00, time=24046.00.
Warning: Vehicle '6BEtoLU.252' performs emergency braking with decel=-9.00 wished=4.50 severity=1.00, time=24053.00.
Warning: Vehicle '6FRtoLU.253' performs emergency braking with decel=-9.00 wished=4.50 severity=1.00, time=24074.00.
Warning: Vehicle 'carIn22663:1' performs emergency braking with decel=-9.00 wished=4.50 severity=1.00, time=24125.00.
Warning: Vehicle 'carIn809:1' performs emergency braking with decel=-9.00 wished=4.50 severity=1.00, time=24133.00.
Warning: Vehicle '6FRtoDE.265' performs emergency braking with decel=-9.00 wished=4.50 severity=1.00, time=24158.00.
Warning: Vehicle 'carIn12882:1' performs emergency braking with decel=-9.00 wished=4.50 severity=1.00, time=24179.00.
Warning: Vehicle 'carIn33469:1' performs emergency braking with decel=-9.00 wished=4.50 severity=1.00, time=24196.00.
Warning: Vehicle 'randUni18637:1' performs emergency braking with decel=-9.00 wished=4.50 severity=1.00, time=24208.00.
Warning: Vehicle 'h65398c1:1' performs emergency braking with decel=-9.00 wished=4.50 severity=1.00, time=24214.00.
Warning: Vehicle 'carIn22926:1' performs emergency braking with decel=-9.00 wished=4.50 severity=1.00, time=24238.00.
Warning: Vehicle 'h36047c1:1' performs emergency braking with decel=-9.00 wished=4.50 severity=1.00, time=24254.00.
Warning: Vehicle 'carIn38572:1' performs emergency braking with decel=-9.00 wished=4.50 severity=1.00, time=24272.00.
Warning: Vehicle 'h47950c1:1' performs emergency braking with decel=-9.00 wished=4.50 severity=1.00, time=24272.00.
Warning: Vehicle 'h27482c1:1' performs emergency braking with decel=-9.00 wished=4.50 severity=1.00, time=24299.00.
Warning: Vehicle 'carIn40975:1' performs emergency braking with decel=-9.00 wished=4.50 severity=1.00, time=24346.00.
Warning: Vehicle 'h13149c1:1' performs emergency braking with decel=-9.00 wished=4.50 severity=1.00, time=24390.00.
Warning: Vehicle 'carIn11412:1' performs emergency braking with decel=-9.00 wished=4.50 severity=1.00, time=24401.00.
Warning: Vehicle 'h13261c1:1' performs emergency braking with decel=-9.00 wished=4.50 severity=1.00, time=24415.00.
Warning: Vehicle 'carIn46007:1' performs emergency braking with decel=-9.00 wished=4.50 severity=1.00, time=24416.00.
Warning: Vehicle 'carIn17844:1' performs emergency braking with decel=-9.00 wished=4.50 severity=1.00, time=24421.00.
Warning: Vehicle 'h40010c1:1' performs emergency braking with decel=-9.00 wished=4.50 severity=1.00, time=24449.00.
Warning: Vehicle 'carIn4061:1' performs emergency braking with decel=-9.00 wished=4.50 severity=1.00, time=24450.00.
Warning: Vehicle 'carIn9348:1' performs emergency braking with decel=-9.00 wished=4.50 severity=1.00, time=24462.00.
Warning: Vehicle 'carIn15882:1' performs emergency braking with decel=-9.00 wished=4.50 severity=1.00, time=24469.00.
Warning: Vehicle 'carIn32689:1' performs emergency braking with decel=-9.00 wished=4.50 severity=1.00, time=24474.00.
Warning: Vehicle 'carIn39646:1' performs emergency braking with decel=-9.00 wished=4.50 severity=1.00, time=24478.00.
Warning: Vehicle 'h30306c1:1' performs emergency braking with decel=-9.00 wished=4.50 severity=1.00, time=24485.00.
Warning: Vehicle 'carIn20998:1' performs emergency braking with decel=-9.00 wished=4.50 severity=1.00, time=24512.00.
Warning: Vehicle 'carIn45738:1' performs emergency braking with decel=-9.00 wished=4.50 severity=1.00, time=24536.00.
Warning: Vehicle '6FRtoBE.332' performs emergency braking with decel=-9.00 wished=4.50 severity=1.00, time=24563.00.
Warning: Vehicle 'h12267c1:1' performs emergency braking with decel=-9.00 wished=4.50 severity=1.00, time=24564.00.
Warning: Vehicle 'h12179c1:1' performs emergency braking with decel=-9.00 wished=4.50 severity=1.00, time=24623.00.
Warning: Vehicle 'carIn15636:1' performs emergency braking with decel=-9.00 wished=4.50 severity=1.00, time=24632.00.
Warning: Vehicle '6BEtoLU.333' performs emergency braking with decel=-9.00 wished=4.50 severity=1.00, time=24637.00.
Warning: Vehicle '6BEtoLU.334' performs emergency braking with decel=-9.00 wished=4.50 severity=1.00, time=24648.00.
Warning: Vehicle 'carIn12823:1' performs emergency braking with decel=-9.00 wished=4.50 severity=1.00, time=24653.00.
Warning: Vehicle '6BEtoLU.337' performs emergency braking with decel=-9.00 wished=4.50 severity=1.00, time=24662.00.
Warning: Vehicle '6BEtoLU.338' performs emergency braking with decel=-9.00 wished=4.50 severity=1.00, time=24662.00.
Warning: Vehicle 'h26068c1:1' performs emergency braking with decel=-9.00 wished=4.50 severity=1.00, time=24700.00.
Warning: Vehicle 'carIn9667:1' performs emergency braking with decel=-9.00 wished=4.50 severity=1.00, time=24711.00.
Warning: Vehicle '6BEtoLU.345' performs emergency braking with decel=-9.00 wished=4.50 severity=1.00, time=24735.00.
Warning: Vehicle 'carIn17525:1' performs emergency braking with decel=-9.00 wished=4.50 severity=1.00, time=24741.00.
Warning: Vehicle '6FRtoLU.339' performs emergency braking with decel=-9.00 wished=4.50 severity=1.00, time=24746.00.
Warning: Vehicle '6FRtoDE.330' performs emergency braking with decel=-9.00 wished=4.50 severity=1.00, time=24781.00.
Warning: Vehicle '6FRtoDE.331' performs emergency braking with decel=-9.00 wished=4.50 severity=1.00, time=24782.00.
Warning: Vehicle 'h17064c1:1' performs emergency braking with decel=-9.00 wished=4.50 severity=1.00, time=24802.00.
Warning: Vehicle '6FRtoDE.337' performs emergency braking with decel=-9.00 wished=4.50 severity=1.00, time=24821.00.
Warning: Vehicle 'carIn33030:1' performs emergency braking with decel=-9.00 wished=4.50 severity=1.00, time=24826.00.
Warning: Vehicle 'h69990c1:1' performs emergency braking with decel=-9.00 wished=4.50 severity=1.00, time=24837.00.
Warning: Vehicle '6BEtoLU.361' performs emergency braking with decel=-9.00 wished=4.50 severity=1.00, time=24849.00.
Warning: Vehicle '6FRtoBE.373' performs emergency braking with decel=-9.00 wished=4.50 severity=1.00, time=24875.00.
Warning: Vehicle '6FRtoBE.375' performs emergency braking with decel=-9.00 wished=4.50 severity=1.00, time=24895.00.
Warning: Vehicle '6FRtoLU.359' performs emergency braking with decel=-9.00 wished=4.50 severity=1.00, time=24927.00.
Warning: Vehicle 'carIn9476:1' performs emergency braking with decel=-9.00 wished=4.50 severity=1.00, time=24950.00.
Warning: Vehicle 'carIn49059:1' performs emergency braking with decel=-9.00 wished=4.50 severity=1.00, time=24953.00.
Warning: Vehicle 'h46492c1:1' performs emergency braking with decel=-9.00 wished=4.50 severity=1.00, time=24953.00.
Warning: Vehicle 'carIn1861:1' performs emergency braking with decel=-9.00 wished=4.50 severity=1.00, time=24961.00.
Warning: Vehicle 'carIn26658:1' performs emergency braking with decel=-9.00 wished=4.50 severity=1.00, time=24961.00.
Warning: Vehicle 'carIn17385:1' performs emergency braking with decel=-9.00 wished=4.50 severity=1.00, time=24968.00.
Warning: Vehicle 'carIn11209:1' performs emergency braking with decel=-9.00 wished=4.50 severity=1.00, time=24969.00.
Warning: Vehicle '6FRtoDE.353' performs emergency braking with decel=-9.00 wished=4.50 severity=1.00, time=24975.00.
Warning: Vehicle 'carIn11576:1' performs emergency braking with decel=-9.00 wished=4.50 severity=1.00, time=24982.00.
Warning: Vehicle 'carIn34272:1' performs emergency braking with decel=-9.00 wished=4.50 severity=1.00, time=25034.00.
Warning: Vehicle 'carIn33493:1' performs emergency braking with decel=-9.00 wished=4.50 severity=1.00, time=25042.00.
Warning: Vehicle 'h36703c1:1' performs emergency braking with decel=-9.00 wished=4.50 severity=1.00, time=25057.00.
Warning: Vehicle 'carIn8939:1' performs emergency braking with decel=-9.00 wished=4.50 severity=1.00, time=25068.00.
Warning: Vehicle 'carIn11224:1' performs emergency braking with decel=-9.00 wished=4.50 severity=1.00, time=25072.00.
Warning: Vehicle '6BEtoLU.387' performs emergency braking with decel=-9.00 wished=4.50 severity=1.00, time=25072.00.
Warning: Vehicle 'carIn17139:1' performs emergency braking with decel=-9.00 wished=4.50 severity=1.00, time=25074.00.
Warning: Vehicle 'carIn15592:1' performs emergency braking with decel=-9.00 wished=4.50 severity=1.00, time=25083.00.
Warning: Vehicle 'carIn45914:1' performs emergency braking with decel=-9.00 wished=4.50 severity=1.00, time=25086.00.
Warning: Vehicle 'carIn46584:1' performs emergency braking with decel=-9.00 wished=4.50 severity=1.00, time=25091.00.
Warning: Vehicle 'carIn48985:1' performs emergency braking with decel=-9.00 wished=4.50 severity=1.00, time=25102.00.
Warning: Vehicle 'carIn40683:1' performs emergency braking with decel=-9.00 wished=4.50 severity=1.00, time=25122.00.
Warning: Vehicle '6BEtoLU.399' performs emergency braking with decel=-9.00 wished=4.50 severity=1.00, time=25143.00.
Warning: Vehicle '6FRtoLU.387' performs emergency braking with decel=-9.00 wished=4.50 severity=1.00, time=25152.00.
Warning: Vehicle 'carIn49841:1' performs emergency braking with decel=-9.00 wished=4.50 severity=1.00, time=25154.00.
Warning: Vehicle 'carIn18351:1' performs emergency braking with decel=-9.00 wished=4.50 severity=1.00, time=25155.00.
Warning: Vehicle 'h25623c1:1' performs emergency braking with decel=-9.00 wished=4.50 severity=1.00, time=25181.00.
Warning: Vehicle 'carIn4916:1' performs emergency braking with decel=-9.00 wished=4.50 severity=1.00, time=25227.00.
Warning: Vehicle 'carIn44550:1' performs emergency braking with decel=-9.00 wished=4.50 severity=1.00, time=25234.00.
Warning: Vehicle 'carIn35963:1' performs emergency braking with decel=-9.00 wished=4.50 severity=1.00, time=25257.00.
Warning: Vehicle 'carIn45024:1' performs emergency braking with decel=-9.00 wished=4.50 severity=1.00, time=25270.00.
Warning: Vehicle 'h6938c1:1' performs emergency braking with decel=-9.00 wished=4.50 severity=1.00, time=25272.00.
Simulation ended at time: 25275.00
Reason: TraCI requested termination.
Performance: 
 Duration: 7932.83s
 Real time factor: 3.18613
 UPS: 2380.019932
Vehicles: 
 Inserted: 34156 (Loaded: 34450)
 Running: 3699
 Waiting: 80

DijkstraRouter answered 53636 queries and explored 1794.27 edges on average.
DijkstraRouter spent 177.29s answering queries (3.31ms on average).
